# configure exec: ./configure --prefix=/home/tinashe/Documents/WebDev/bankQueueServer/app/node_modules/node-rdkafka/build/deps --libdir=/home/tinashe/Documents/WebDev/bankQueueServer/app/node_modules/node-rdkafka/build/deps --prefix=/home/tinashe/Documents/WebDev/bankQueueServer/app/node_modules/node-rdkafka/build/deps --libdir=/home/tinashe/Documents/WebDev/bankQueueServer/app/node_modules/node-rdkafka/build/deps
# On Tue 29 Dec 2020 15:19:55 CAT
DBG 62782: Setting distro (distro) status to ok (action ignore)
DBG 62782: ccenv: WITH_CC:  --version failed: mklove/modules/configure.base: line 1754: --version: command not found
DBG 62782: Setting ccenv (ccenv) status to failed (action cont)
DBG 62782: Check ccenv (WITH_CC, action cont (originally cont)) failed: command ' --version' failed:
mklove/modules/configure.base: line 1754: --version: command not found
DBG 62782: Setting gcc (gcc) status to ok (action cont)
DBG 62782: cxxenv: WITH_CXX:  --version failed: mklove/modules/configure.base: line 1754: --version: command not found
DBG 62782: Setting cxxenv (cxxenv) status to failed (action cont)
DBG 62782: Check cxxenv (WITH_CXX, action cont (originally cont)) failed: command ' --version' failed:
mklove/modules/configure.base: line 1754: --version: command not found
DBG 62782: Setting gxx (gxx) status to ok (action cont)
DBG 62782: Setting ld (ld) status to ok (action disable)
DBG 62782: Setting nm (nm) status to ok (action disable)
DBG 62782: Setting objdump (objdump) status to ok (action disable)
DBG 62782: Setting strip (strip) status to ok (action disable)
DBG 62782: libtool: : libtool is not executable: 
DBG 62782: Setting libtool (libtool) status to failed (action disable)
DBG 62782: Check libtool (, action disable (originally disable)) failed: libtool is not executable
DBG 62782: Setting pkgconfig (pkgconfig) status to ok (action cont)
DBG 62782: Setting install (install) status to ok (action cont)
DBG 62782: Compile check PIC (HAVE_PIC) (sub=0): gcc  -g -O2 -Wall -Werror _mkltmpNCNdsv.c -o _mkltmpNCNdsv.c.o  -L/home/tinashe/Documents/WebDev/bankQueueServer/app/node_modules/node-rdkafka/build/deps -fPIC
DBG 62782: Setting PIC (PIC) status to ok (action disable)
DBG 62782: Compile check gnulib (WITH_GNULD) (sub=0): gcc  -g -O2 -fPIC -Wall -Werror _mkltmpv1Eizi.c -o _mkltmpv1Eizi.c.o  -L/home/tinashe/Documents/WebDev/bankQueueServer/app/node_modules/node-rdkafka/build/deps -shared -Wl,-soname,mkltest.0
DBG 62782: Setting gnulib (gnulib) status to ok (action cont)
DBG 62782: Compile check ldsflagvs () (sub=0): gcc  -g -O2 -fPIC -Wall -Werror _mkltmp5oCxFr.c -o _mkltmp5oCxFr.c.o  -L/home/tinashe/Documents/WebDev/bankQueueServer/app/node_modules/node-rdkafka/build/deps -shared -Wl,--version-script=_mkltmppnsTLA
DBG 62782: Setting ldsflagvs (ldsflagvs) status to ok (action cont)
DBG 62782: Compile check __atomic_32 (HAVE_ATOMICS_32) (sub=0): gcc  -g -O2 -fPIC -Wall -Werror _mkltmpobeh9V.c -o _mkltmpobeh9V.c.o  -L/home/tinashe/Documents/WebDev/bankQueueServer/app/node_modules/node-rdkafka/build/deps 
DBG 62782: Setting __atomic_32 (__atomic_32) status to ok (action cont)
DBG 62782: Compile check __atomic_64 (HAVE_ATOMICS_64) (sub=0): gcc  -g -O2 -fPIC -Wall -Werror _mkltmpvCn7AJ.c -o _mkltmpvCn7AJ.c.o  -L/home/tinashe/Documents/WebDev/bankQueueServer/app/node_modules/node-rdkafka/build/deps 
DBG 62782: Setting __atomic_64 (__atomic_64) status to ok (action cont)
DBG 62782: Compile check socket () (sub=0): gcc  -g -O2 -fPIC -Wall -Wsign-compare -Wfloat-equal -Wpointer-arith -Wcast-align -Wall -Werror _mkltmpiSjCRi.c -o _mkltmpiSjCRi.c.o  -L/home/tinashe/Documents/WebDev/bankQueueServer/app/node_modules/node-rdkafka/build/deps 
DBG 62782: Setting socket (socket) status to ok (action cont)
DBG 62782: Setting parseversion (parseversion) status to ok (action cont)
DBG 62782: pkg-config check librt for CFLAGS (): pkg-config --short-errors --cflags librt
DBG 62782: 'pkg-config --short-errors --cflags librt' failed: No package 'librt' found
DBG 62782: Setting librt_PKGCONFIG (librt_PKGCONFIG) status to failed (action cont)
DBG 62782: Check librt_PKGCONFIG (, action cont (originally cont)) failed: 'pkg-config --short-errors --cflags librt' failed:
No package 'librt' found
DBG 62782: librt: Check for static library (libs -lrt, arfile variable STATIC_LIB_librt=, static filenames )
DBG 62782: Compile check librt () (sub=0): gcc  -g -O2 -fPIC -Wall -Wsign-compare -Wfloat-equal -Wpointer-arith -Wcast-align -Wall -Werror _mkltmpRJBm23.c -o _mkltmpRJBm23.c.o  -L/home/tinashe/Documents/WebDev/bankQueueServer/app/node_modules/node-rdkafka/build/deps -lrt
DBG 62782: Setting librt (librt) status to ok (action cont)
DBG 62782: librt: from lib_check: LIBS: prepend -lrt
DBG 62782: pkg-config check libpthread for CFLAGS (): pkg-config --short-errors --cflags libpthread
DBG 62782: 'pkg-config --short-errors --cflags libpthread' failed: No package 'libpthread' found
DBG 62782: Setting libpthread_PKGCONFIG (libpthread_PKGCONFIG) status to failed (action cont)
DBG 62782: Check libpthread_PKGCONFIG (, action cont (originally cont)) failed: 'pkg-config --short-errors --cflags libpthread' failed:
No package 'libpthread' found
DBG 62782: libpthread: Check for static library (libs -lpthread, arfile variable STATIC_LIB_libpthread=, static filenames )
DBG 62782: Compile check libpthread () (sub=0): gcc  -g -O2 -fPIC -Wall -Wsign-compare -Wfloat-equal -Wpointer-arith -Wcast-align -Wall -Werror _mkltmpFK3tr0.c -o _mkltmpFK3tr0.c.o  -L/home/tinashe/Documents/WebDev/bankQueueServer/app/node_modules/node-rdkafka/build/deps -lpthread
DBG 62782: Setting libpthread (libpthread) status to ok (action fail)
DBG 62782: libpthread: from lib_check: LIBS: prepend -lpthread
DBG 62782: pkg-config check c11threads for CFLAGS (WITH_C11THREADS): pkg-config --short-errors --cflags c11threads
DBG 62782: 'pkg-config --short-errors --cflags c11threads' failed: No package 'c11threads' found
DBG 62782: Setting c11threads_PKGCONFIG (c11threads_PKGCONFIG) status to failed (action cont)
DBG 62782: Check c11threads_PKGCONFIG (, action cont (originally cont)) failed: 'pkg-config --short-errors --cflags c11threads' failed:
No package 'c11threads' found
DBG 62782: c11threads: Check for static library (libs -lpthread -lrt, arfile variable STATIC_LIB_c11threads=, static filenames )
DBG 62782: Compile check c11threads (WITH_C11THREADS) (sub=0): gcc  -g -O2 -fPIC -Wall -Wsign-compare -Wfloat-equal -Wpointer-arith -Wcast-align -Wall -Werror _mkltmpp7Bu5S.c -o _mkltmpp7Bu5S.c.o  -L/home/tinashe/Documents/WebDev/bankQueueServer/app/node_modules/node-rdkafka/build/deps -lpthread -lrt
DBG 62782: Setting c11threads (c11threads) status to ok (action disable)
DBG 62782: c11threads: from lib_check: LIBS: prepend -lpthread -lrt
DBG 62782: pkg-config check libdl for CFLAGS (WITH_LIBDL): pkg-config --short-errors --cflags libdl
DBG 62782: 'pkg-config --short-errors --cflags libdl' failed: No package 'libdl' found
DBG 62782: Setting libdl_PKGCONFIG (libdl_PKGCONFIG) status to failed (action cont)
DBG 62782: Check libdl_PKGCONFIG (, action cont (originally cont)) failed: 'pkg-config --short-errors --cflags libdl' failed:
No package 'libdl' found
DBG 62782: libdl: Check for static library (libs -ldl, arfile variable STATIC_LIB_libdl=, static filenames )
DBG 62782: Compile check libdl (WITH_LIBDL) (sub=0): gcc  -g -O2 -fPIC -Wall -Wsign-compare -Wfloat-equal -Wpointer-arith -Wcast-align -Wall -Werror _mkltmpWtFFdk.c -o _mkltmpWtFFdk.c.o  -L/home/tinashe/Documents/WebDev/bankQueueServer/app/node_modules/node-rdkafka/build/deps -ldl
DBG 62782: Setting libdl (libdl) status to ok (action disable)
DBG 62782: libdl: from lib_check: LIBS: prepend -ldl
DBG 62782: pkg-config check zlib for CFLAGS (WITH_ZLIB): pkg-config --short-errors --cflags zlib
DBG 62782: 'pkg-config --short-errors --cflags zlib' failed: No package 'zlib' found
DBG 62782: Setting zlib_PKGCONFIG (zlib_PKGCONFIG) status to failed (action cont)
DBG 62782: Check zlib_PKGCONFIG (, action cont (originally cont)) failed: 'pkg-config --short-errors --cflags zlib' failed:
No package 'zlib' found
DBG 62782: zlib: Check for static library (libs -lz, arfile variable STATIC_LIB_zlib=, static filenames libz.a)
DBG 62782: Compile check zlib (WITH_ZLIB) (sub=0): gcc  -g -O2 -fPIC -Wall -Wsign-compare -Wfloat-equal -Wpointer-arith -Wcast-align -Wall -Werror _mkltmpUTT0AR.c -o _mkltmpUTT0AR.c.o  -L/home/tinashe/Documents/WebDev/bankQueueServer/app/node_modules/node-rdkafka/build/deps -lz
DBG 62782: compile check for zlib (WITH_ZLIB) failed: gcc  -g -O2 -fPIC -Wall -Wsign-compare -Wfloat-equal -Wpointer-arith -Wcast-align -Wall -Werror _mkltmpUTT0AR.c -o _mkltmpUTT0AR.c.o  -L/home/tinashe/Documents/WebDev/bankQueueServer/app/node_modules/node-rdkafka/build/deps -lz: _mkltmpUTT0AR.c:2:10: fatal error: zlib.h: No such file or directory
    2 | #include <zlib.h>
      |          ^~~~~~~~
compilation terminated.
DBG 62782: Setting zlib (zlib) status to failed (action disable)
DBG 62782: Check zlib (WITH_ZLIB, action disable (originally disable)) failed: compile check failed:
CC: CC
flags: -lz
gcc  -g -O2 -fPIC -Wall -Wsign-compare -Wfloat-equal -Wpointer-arith -Wcast-align -Wall -Werror _mkltmpUTT0AR.c -o _mkltmpUTT0AR.c.o  -L/home/tinashe/Documents/WebDev/bankQueueServer/app/node_modules/node-rdkafka/build/deps -lz:
_mkltmpUTT0AR.c:2:10: fatal error: zlib.h: No such file or directory
    2 | #include <zlib.h>
      |          ^~~~~~~~
compilation terminated.
source: 
#include <zlib.h>

void foo (void) {
     z_stream *p = NULL;
     inflate(p, 0);
}

DBG 62782: pkg-config check libcrypto for CFLAGS (): pkg-config --short-errors --cflags libcrypto
DBG 62782: pkg-config check libcrypto for LIBS (): pkg-config --short-errors --libs libcrypto
DBG 62782: libcrypto: from pkg-config: CFLAGS '', LIBS '-ldl -lpthread -lrt -lpthread -lrt'
DBG 62782: libcrypto: performing compile check using pkg-config info
DBG 62782: Compile check libcrypto () (sub=1): gcc  -g -O2 -fPIC -Wall -Wsign-compare -Wfloat-equal -Wpointer-arith -Wcast-align -Wall -Werror _mkltmpMkBccR.c -o _mkltmpMkBccR.c.o  -L/home/tinashe/Documents/WebDev/bankQueueServer/app/node_modules/node-rdkafka/build/deps  -lcrypto
DBG 62782: libcrypto: Check for static library (libs -lcrypto, arfile variable STATIC_LIB_libcrypto=, static filenames libcrypto.a)
DBG 62782: libcrypto: from pkg-config: LIBS: prepend -lcrypto
DBG 62782: Setting libcrypto (libcrypto) status to ok (action cont)
DBG 62782: pkg-config check libssl for CFLAGS (WITH_SSL): pkg-config --short-errors --cflags libssl
DBG 62782: pkg-config check libssl for LIBS (WITH_SSL): pkg-config --short-errors --libs libssl
DBG 62782: libssl: from pkg-config: CFLAGS '', LIBS '-lcrypto -ldl -lpthread -lrt -lpthread -lrt'
DBG 62782: libssl: performing compile check using pkg-config info
DBG 62782: Compile check libssl (WITH_SSL) (sub=1): gcc  -g -O2 -fPIC -Wall -Wsign-compare -Wfloat-equal -Wpointer-arith -Wcast-align -Wall -Werror _mkltmpCRuyo6.c -o _mkltmpCRuyo6.c.o  -L/home/tinashe/Documents/WebDev/bankQueueServer/app/node_modules/node-rdkafka/build/deps  -lssl
DBG 62782: libssl: Check for static library (libs -lssl, arfile variable STATIC_LIB_libssl=, static filenames libssl.a)
DBG 62782: libssl: from pkg-config: LIBS: prepend -lssl
DBG 62782: Setting libssl (libssl) status to ok (action cont)
DBG 62782: pkg-config check libsasl2 for CFLAGS (WITH_SASL_CYRUS): pkg-config --short-errors --cflags libsasl2
DBG 62782: 'pkg-config --short-errors --cflags libsasl2' failed: No package 'libsasl2' found
DBG 62782: Setting libsasl2_PKGCONFIG (libsasl2_PKGCONFIG) status to failed (action cont)
DBG 62782: Check libsasl2_PKGCONFIG (, action cont (originally cont)) failed: 'pkg-config --short-errors --cflags libsasl2' failed:
No package 'libsasl2' found
DBG 62782: libsasl2: Check for static library (libs -lsasl2, arfile variable STATIC_LIB_libsasl2=, static filenames )
DBG 62782: Compile check libsasl2 (WITH_SASL_CYRUS) (sub=0): gcc  -g -O2 -fPIC -Wall -Wsign-compare -Wfloat-equal -Wpointer-arith -Wcast-align -Wall -Werror _mkltmpnnsLmj.c -o _mkltmpnnsLmj.c.o  -L/home/tinashe/Documents/WebDev/bankQueueServer/app/node_modules/node-rdkafka/build/deps -lsasl2
DBG 62782: compile check for libsasl2 (WITH_SASL_CYRUS) failed: gcc  -g -O2 -fPIC -Wall -Wsign-compare -Wfloat-equal -Wpointer-arith -Wcast-align -Wall -Werror _mkltmpnnsLmj.c -o _mkltmpnnsLmj.c.o  -L/home/tinashe/Documents/WebDev/bankQueueServer/app/node_modules/node-rdkafka/build/deps -lsasl2: _mkltmpnnsLmj.c:3:10: fatal error: sasl/sasl.h: No such file or directory
    3 | #include <sasl/sasl.h>
      |          ^~~~~~~~~~~~~
compilation terminated.
DBG 62782: Setting libsasl2 (libsasl2) status to failed (action disable)
DBG 62782: Check libsasl2 (WITH_SASL_CYRUS, action disable (originally disable)) failed: compile check failed:
CC: CC
flags: -lsasl2
gcc  -g -O2 -fPIC -Wall -Wsign-compare -Wfloat-equal -Wpointer-arith -Wcast-align -Wall -Werror _mkltmpnnsLmj.c -o _mkltmpnnsLmj.c.o  -L/home/tinashe/Documents/WebDev/bankQueueServer/app/node_modules/node-rdkafka/build/deps -lsasl2:
_mkltmpnnsLmj.c:3:10: fatal error: sasl/sasl.h: No such file or directory
    3 | #include <sasl/sasl.h>
      |          ^~~~~~~~~~~~~
compilation terminated.
source: 
#include <stddef.h>
#include <sasl/sasl.h>

DBG 62782: pkg-config check libsasl for CFLAGS (WITH_SASL_CYRUS): pkg-config --short-errors --cflags libsasl
DBG 62782: 'pkg-config --short-errors --cflags libsasl' failed: No package 'libsasl' found
DBG 62782: Setting libsasl_PKGCONFIG (libsasl_PKGCONFIG) status to failed (action cont)
DBG 62782: Check libsasl_PKGCONFIG (, action cont (originally cont)) failed: 'pkg-config --short-errors --cflags libsasl' failed:
No package 'libsasl' found
DBG 62782: libsasl: Check for static library (libs -lsasl, arfile variable STATIC_LIB_libsasl=, static filenames )
DBG 62782: Compile check libsasl (WITH_SASL_CYRUS) (sub=0): gcc  -g -O2 -fPIC -Wall -Wsign-compare -Wfloat-equal -Wpointer-arith -Wcast-align -Wall -Werror _mkltmpcgdc7H.c -o _mkltmpcgdc7H.c.o  -L/home/tinashe/Documents/WebDev/bankQueueServer/app/node_modules/node-rdkafka/build/deps -lsasl
DBG 62782: compile check for libsasl (WITH_SASL_CYRUS) failed: gcc  -g -O2 -fPIC -Wall -Wsign-compare -Wfloat-equal -Wpointer-arith -Wcast-align -Wall -Werror _mkltmpcgdc7H.c -o _mkltmpcgdc7H.c.o  -L/home/tinashe/Documents/WebDev/bankQueueServer/app/node_modules/node-rdkafka/build/deps -lsasl: _mkltmpcgdc7H.c:3:10: fatal error: sasl/sasl.h: No such file or directory
    3 | #include <sasl/sasl.h>
      |          ^~~~~~~~~~~~~
compilation terminated.
DBG 62782: Setting libsasl (libsasl) status to failed (action disable)
DBG 62782: Check libsasl (WITH_SASL_CYRUS, action disable (originally disable)) failed: compile check failed:
CC: CC
flags: -lsasl
gcc  -g -O2 -fPIC -Wall -Wsign-compare -Wfloat-equal -Wpointer-arith -Wcast-align -Wall -Werror _mkltmpcgdc7H.c -o _mkltmpcgdc7H.c.o  -L/home/tinashe/Documents/WebDev/bankQueueServer/app/node_modules/node-rdkafka/build/deps -lsasl:
_mkltmpcgdc7H.c:3:10: fatal error: sasl/sasl.h: No such file or directory
    3 | #include <sasl/sasl.h>
      |          ^~~~~~~~~~~~~
compilation terminated.
source: 
#include <stddef.h>
#include <sasl/sasl.h>

DBG 62782: pkg-config check libzstd for CFLAGS (WITH_ZSTD): pkg-config --short-errors --cflags libzstd
DBG 62782: 'pkg-config --short-errors --cflags libzstd' failed: No package 'libzstd' found
DBG 62782: Setting libzstd_PKGCONFIG (libzstd_PKGCONFIG) status to failed (action cont)
DBG 62782: Check libzstd_PKGCONFIG (, action cont (originally cont)) failed: 'pkg-config --short-errors --cflags libzstd' failed:
No package 'libzstd' found
DBG 62782: libzstd: Check for static library (libs -lzstd, arfile variable STATIC_LIB_libzstd=, static filenames libzstd.a)
DBG 62782: Compile check libzstd (WITH_ZSTD) (sub=0): gcc  -g -O2 -fPIC -Wall -Wsign-compare -Wfloat-equal -Wpointer-arith -Wcast-align -Wall -Werror _mkltmpRWFGg8.c -o _mkltmpRWFGg8.c.o  -L/home/tinashe/Documents/WebDev/bankQueueServer/app/node_modules/node-rdkafka/build/deps -lzstd
DBG 62782: compile check for libzstd (WITH_ZSTD) failed: gcc  -g -O2 -fPIC -Wall -Wsign-compare -Wfloat-equal -Wpointer-arith -Wcast-align -Wall -Werror _mkltmpRWFGg8.c -o _mkltmpRWFGg8.c.o  -L/home/tinashe/Documents/WebDev/bankQueueServer/app/node_modules/node-rdkafka/build/deps -lzstd: _mkltmpRWFGg8.c:2:10: fatal error: zstd.h: No such file or directory
    2 | #include <zstd.h>
      |          ^~~~~~~~
compilation terminated.
DBG 62782: Setting libzstd (libzstd) status to failed (action disable)
DBG 62782: Check libzstd (WITH_ZSTD, action disable (originally disable)) failed: compile check failed:
CC: CC
flags: -lzstd
gcc  -g -O2 -fPIC -Wall -Wsign-compare -Wfloat-equal -Wpointer-arith -Wcast-align -Wall -Werror _mkltmpRWFGg8.c -o _mkltmpRWFGg8.c.o  -L/home/tinashe/Documents/WebDev/bankQueueServer/app/node_modules/node-rdkafka/build/deps -lzstd:
_mkltmpRWFGg8.c:2:10: fatal error: zstd.h: No such file or directory
    2 | #include <zstd.h>
      |          ^~~~~~~~
compilation terminated.
source: 
#include <zstd.h>
#include <zstd_errors.h>

void foo (void) {
     ZSTD_getFrameContentSize(NULL, 0);
}

DBG 62782: pkg-config check libm for CFLAGS (): pkg-config --short-errors --cflags libm
DBG 62782: 'pkg-config --short-errors --cflags libm' failed: No package 'libm' found
DBG 62782: Setting libm_PKGCONFIG (libm_PKGCONFIG) status to failed (action cont)
DBG 62782: Check libm_PKGCONFIG (, action cont (originally cont)) failed: 'pkg-config --short-errors --cflags libm' failed:
No package 'libm' found
DBG 62782: libm: Check for static library (libs -lm, arfile variable STATIC_LIB_libm=, static filenames )
DBG 62782: Compile check libm () (sub=0): gcc  -g -O2 -fPIC -Wall -Wsign-compare -Wfloat-equal -Wpointer-arith -Wcast-align -Wall -Werror _mkltmpuuPK5T.c -o _mkltmpuuPK5T.c.o  -L/home/tinashe/Documents/WebDev/bankQueueServer/app/node_modules/node-rdkafka/build/deps -lm
DBG 62782: Setting libm (libm) status to ok (action disable)
DBG 62782: libm: from lib_check: LIBS: prepend -lm
DBG 62782: pkg-config check liblz4 for CFLAGS (WITH_LZ4_EXT): pkg-config --short-errors --cflags liblz4
DBG 62782: 'pkg-config --short-errors --cflags liblz4' failed: No package 'liblz4' found
DBG 62782: Setting liblz4_PKGCONFIG (liblz4_PKGCONFIG) status to failed (action cont)
DBG 62782: Check liblz4_PKGCONFIG (, action cont (originally cont)) failed: 'pkg-config --short-errors --cflags liblz4' failed:
No package 'liblz4' found
DBG 62782: liblz4: Check for static library (libs -llz4, arfile variable STATIC_LIB_liblz4=, static filenames liblz4.a)
DBG 62782: Compile check liblz4 (WITH_LZ4_EXT) (sub=0): gcc  -g -O2 -fPIC -Wall -Wsign-compare -Wfloat-equal -Wpointer-arith -Wcast-align -Wall -Werror _mkltmpZl3gt4.c -o _mkltmpZl3gt4.c.o  -L/home/tinashe/Documents/WebDev/bankQueueServer/app/node_modules/node-rdkafka/build/deps -llz4
DBG 62782: compile check for liblz4 (WITH_LZ4_EXT) failed: gcc  -g -O2 -fPIC -Wall -Wsign-compare -Wfloat-equal -Wpointer-arith -Wcast-align -Wall -Werror _mkltmpZl3gt4.c -o _mkltmpZl3gt4.c.o  -L/home/tinashe/Documents/WebDev/bankQueueServer/app/node_modules/node-rdkafka/build/deps -llz4: _mkltmpZl3gt4.c:1:10: fatal error: lz4frame.h: No such file or directory
    1 | #include <lz4frame.h>
      |          ^~~~~~~~~~~~
compilation terminated.
DBG 62782: Setting liblz4 (liblz4) status to failed (action disable)
DBG 62782: Check liblz4 (WITH_LZ4_EXT, action disable (originally disable)) failed: compile check failed:
CC: CC
flags: -llz4
gcc  -g -O2 -fPIC -Wall -Wsign-compare -Wfloat-equal -Wpointer-arith -Wcast-align -Wall -Werror _mkltmpZl3gt4.c -o _mkltmpZl3gt4.c.o  -L/home/tinashe/Documents/WebDev/bankQueueServer/app/node_modules/node-rdkafka/build/deps -llz4:
_mkltmpZl3gt4.c:1:10: fatal error: lz4frame.h: No such file or directory
    1 | #include <lz4frame.h>
      |          ^~~~~~~~~~~~
compilation terminated.
source: #include <lz4frame.h>
DBG 62782: Compile check syslog (WITH_SYSLOG) (sub=0): gcc  -g -O2 -fPIC -Wall -Wsign-compare -Wfloat-equal -Wpointer-arith -Wcast-align -Wall -Werror _mkltmpNFlM3t.c -o _mkltmpNFlM3t.c.o  -L/home/tinashe/Documents/WebDev/bankQueueServer/app/node_modules/node-rdkafka/build/deps 
DBG 62782: Setting syslog (syslog) status to ok (action disable)
DBG 62782: Compile check rapidjson (WITH_RAPIDJSON) (sub=0): g++  -g -O2 -fPIC -Wall -Wsign-compare -Wfloat-equal -Wpointer-arith -Wcast-align -Wall -Werror _mkltmpFnJfRm.cpp -o _mkltmpFnJfRm.cpp.o  -L/home/tinashe/Documents/WebDev/bankQueueServer/app/node_modules/node-rdkafka/build/deps 
DBG 62782: compile check for rapidjson (WITH_RAPIDJSON) failed: g++  -g -O2 -fPIC -Wall -Wsign-compare -Wfloat-equal -Wpointer-arith -Wcast-align -Wall -Werror _mkltmpFnJfRm.cpp -o _mkltmpFnJfRm.cpp.o  -L/home/tinashe/Documents/WebDev/bankQueueServer/app/node_modules/node-rdkafka/build/deps : _mkltmpFnJfRm.cpp:1:10: fatal error: rapidjson/schema.h: No such file or directory
    1 | #include <rapidjson/schema.h>
      |          ^~~~~~~~~~~~~~~~~~~~
compilation terminated.
DBG 62782: Setting rapidjson (rapidjson) status to failed (action disable)
DBG 62782: Check rapidjson (WITH_RAPIDJSON, action disable (originally disable)) failed: compile check failed:
CC: CXX
flags: 
g++  -g -O2 -fPIC -Wall -Wsign-compare -Wfloat-equal -Wpointer-arith -Wcast-align -Wall -Werror _mkltmpFnJfRm.cpp -o _mkltmpFnJfRm.cpp.o  -L/home/tinashe/Documents/WebDev/bankQueueServer/app/node_modules/node-rdkafka/build/deps :
_mkltmpFnJfRm.cpp:1:10: fatal error: rapidjson/schema.h: No such file or directory
    1 | #include <rapidjson/schema.h>
      |          ^~~~~~~~~~~~~~~~~~~~
compilation terminated.
source: #include <rapidjson/schema.h>
DBG 62782: Compile check crc32chw (WITH_CRC32C_HW) (sub=0): gcc  -g -O2 -fPIC -Wall -Wsign-compare -Wfloat-equal -Wpointer-arith -Wcast-align -Wall -Werror _mkltmpT46ZJB.c -o _mkltmpT46ZJB.c.o  -L/home/tinashe/Documents/WebDev/bankQueueServer/app/node_modules/node-rdkafka/build/deps 
DBG 62782: Setting crc32chw (crc32chw) status to ok (action disable)
DBG 62782: Compile check regex (HAVE_REGEX) (sub=0): gcc  -g -O2 -fPIC -Wall -Wsign-compare -Wfloat-equal -Wpointer-arith -Wcast-align -Wall -Werror _mkltmpncdEiv.c -o _mkltmpncdEiv.c.o  -L/home/tinashe/Documents/WebDev/bankQueueServer/app/node_modules/node-rdkafka/build/deps 
DBG 62782: Setting regex (regex) status to ok (action disable)
DBG 62782: Compile check strndup (HAVE_STRNDUP) (sub=0): gcc  -g -O2 -fPIC -Wall -Wsign-compare -Wfloat-equal -Wpointer-arith -Wcast-align -Wall -Werror _mkltmpQ9Syke.c -o _mkltmpQ9Syke.c.o  -L/home/tinashe/Documents/WebDev/bankQueueServer/app/node_modules/node-rdkafka/build/deps 
DBG 62782: Setting strndup (strndup) status to ok (action disable)
DBG 62782: Compile check strlcpy (HAVE_STRLCPY) (sub=0): gcc  -g -O2 -fPIC -Wall -Wsign-compare -Wfloat-equal -Wpointer-arith -Wcast-align -Wall -Werror _mkltmpAUF5JF.c -o _mkltmpAUF5JF.c.o  -L/home/tinashe/Documents/WebDev/bankQueueServer/app/node_modules/node-rdkafka/build/deps 
DBG 62782: compile check for strlcpy (HAVE_STRLCPY) failed: gcc  -g -O2 -fPIC -Wall -Wsign-compare -Wfloat-equal -Wpointer-arith -Wcast-align -Wall -Werror _mkltmpAUF5JF.c -o _mkltmpAUF5JF.c.o  -L/home/tinashe/Documents/WebDev/bankQueueServer/app/node_modules/node-rdkafka/build/deps : _mkltmpAUF5JF.c: In function ‘foo’:
_mkltmpAUF5JF.c:6:11: error: implicit declaration of function ‘strlcpy’; did you mean ‘strncpy’? [-Werror=implicit-function-declaration]
    6 |    return strlcpy(dest, "something", sizeof(dest));
      |           ^~~~~~~
      |           strncpy
cc1: all warnings being treated as errors
DBG 62782: Setting strlcpy (strlcpy) status to failed (action disable)
DBG 62782: Check strlcpy (HAVE_STRLCPY, action disable (originally disable)) failed: compile check failed:
CC: CC
flags: 
gcc  -g -O2 -fPIC -Wall -Wsign-compare -Wfloat-equal -Wpointer-arith -Wcast-align -Wall -Werror _mkltmpAUF5JF.c -o _mkltmpAUF5JF.c.o  -L/home/tinashe/Documents/WebDev/bankQueueServer/app/node_modules/node-rdkafka/build/deps :
_mkltmpAUF5JF.c: In function ‘foo’:
_mkltmpAUF5JF.c:6:11: error: implicit declaration of function ‘strlcpy’; did you mean ‘strncpy’? [-Werror=implicit-function-declaration]
    6 |    return strlcpy(dest, "something", sizeof(dest));
      |           ^~~~~~~
      |           strncpy
cc1: all warnings being treated as errors
source: 
#define _DARWIN_C_SOURCE
#include <string.h>
int foo (void) {
    char dest[4];
   return strlcpy(dest, "something", sizeof(dest));
}
DBG 62782: Compile check strerror_r (HAVE_STRERROR_R) (sub=0): gcc  -g -O2 -fPIC -Wall -Wsign-compare -Wfloat-equal -Wpointer-arith -Wcast-align -Wall -Werror _mkltmp0RoZdg.c -o _mkltmp0RoZdg.c.o  -L/home/tinashe/Documents/WebDev/bankQueueServer/app/node_modules/node-rdkafka/build/deps 
DBG 62782: Setting strerror_r (strerror_r) status to ok (action disable)
DBG 62782: Compile check pthread_setname_gnu (HAVE_PTHREAD_SETNAME_GNU) (sub=0): gcc  -g -O2 -fPIC -Wall -Wsign-compare -Wfloat-equal -Wpointer-arith -Wcast-align -Wall -Werror _mkltmpv4piwH.c -o _mkltmpv4piwH.c.o  -L/home/tinashe/Documents/WebDev/bankQueueServer/app/node_modules/node-rdkafka/build/deps -D_GNU_SOURCE -lpthread
DBG 62782: Setting pthread_setname_gnu (pthread_setname_gnu) status to ok (action disable)
DBG 62782: Setting nm (nm) status to ok (action cont)
DBG 62782: Setting python3 (python3) status to ok (action disable)
DBG 62782: Compile check getrusage (HAVE_GETRUSAGE) (sub=0): gcc  -g -O2 -fPIC -Wall -Wsign-compare -Wfloat-equal -Wpointer-arith -Wcast-align -Wall -Werror _mkltmp4yDO94.c -o _mkltmp4yDO94.c.o  -L/home/tinashe/Documents/WebDev/bankQueueServer/app/node_modules/node-rdkafka/build/deps 
DBG 62782: Setting getrusage (getrusage) status to ok (action disable)
